TN:
SF:src\router.ts
FN:133,(anonymous_0)
FN:192,(anonymous_1)
FNF:2
FNH:2
FNDA:3,(anonymous_0)
FNDA:5,(anonymous_1)
DA:1,1
DA:2,1
DA:3,1
DA:4,1
DA:7,1
DA:54,1
DA:86,1
DA:124,1
DA:133,3
DA:183,1
DA:192,5
DA:226,1
DA:260,1
DA:265,1
LF:14
LH:14
BRF:0
BRH:0
end_of_record
TN:
SF:src\server.ts
FN:11,connectDB
FNF:1
FNH:1
FNDA:1,connectDB
DA:1,1
DA:2,1
DA:3,1
DA:4,1
DA:7,1
DA:8,1
DA:11,1
DA:12,1
DA:13,1
DA:14,1
DA:15,1
DA:17,0
DA:18,0
DA:21,1
DA:24,1
DA:41,1
DA:44,1
DA:47,1
DA:50,1
LF:19
LH:17
BRF:0
BRH:0
end_of_record
TN:
SF:src\config\db.ts
FNF:0
FNH:0
DA:1,1
DA:2,1
DA:3,1
DA:6,1
DA:10,1
LF:5
LH:5
BRF:0
BRH:0
end_of_record
TN:
SF:src\config\swagger.ts
FNF:0
FNH:0
DA:1,1
DA:4,1
DA:24,1
DA:25,1
DA:39,1
DA:41,1
LF:6
LH:6
BRF:0
BRH:0
end_of_record
TN:
SF:src\handlers\product.ts
FN:4,(anonymous_1)
FN:15,(anonymous_2)
FN:31,(anonymous_3)
FN:42,(anonymous_4)
FN:60,(anonymous_5)
FN:80,(anonymous_6)
FNF:6
FNH:6
FNDA:2,(anonymous_1)
FNDA:2,(anonymous_2)
FNDA:1,(anonymous_3)
FNDA:2,(anonymous_4)
FNDA:2,(anonymous_5)
FNDA:2,(anonymous_6)
DA:2,1
DA:4,1
DA:6,2
DA:11,2
DA:15,1
DA:17,2
DA:18,2
DA:20,2
DA:21,1
DA:24,1
DA:27,1
DA:31,1
DA:34,1
DA:36,1
DA:42,1
DA:43,2
DA:44,2
DA:46,2
DA:47,1
DA:50,1
DA:54,1
DA:55,1
DA:57,1
DA:60,1
DA:61,2
DA:62,2
DA:64,2
DA:65,1
DA:68,1
DA:72,1
DA:73,1
DA:77,1
DA:80,1
DA:81,2
DA:82,2
DA:84,2
DA:85,1
DA:88,1
DA:91,1
DA:92,1
LF:40
LH:40
BRDA:20,0,0,1
BRDA:46,1,0,1
BRDA:64,2,0,1
BRDA:84,3,0,1
BRF:4
BRH:4
end_of_record
TN:
SF:src\middleware\index.ts
FN:3,(anonymous_0)
FNF:1
FNH:1
FNDA:16,(anonymous_0)
DA:2,1
DA:3,1
DA:6,16
DA:7,16
DA:9,7
DA:10,7
DA:12,9
LF:7
LH:7
BRDA:7,0,0,7
BRF:1
BRH:1
end_of_record
TN:
SF:src\models\Product.model.ts
FNF:0
FNH:0
DA:1,1
DA:7,1
DA:11,1
DA:16,1
DA:22,1
DA:26,1
LF:6
LH:6
BRF:0
BRH:0
end_of_record
